2015-06-22 21:08:46.342 19015 INFO migrate.versioning.api [-] 0 -> 1... 
2015-06-22 21:08:46.667 19015 INFO migrate.versioning.api [-] done
2015-06-22 21:08:46.667 19015 INFO migrate.versioning.api [-] 1 -> 2... 
2015-06-22 21:08:46.759 19015 INFO migrate.versioning.api [-] done
2015-06-22 21:08:46.759 19015 INFO migrate.versioning.api [-] 2 -> 3... 
2015-06-22 21:08:46.774 19015 INFO migrate.versioning.api [-] done
2015-06-22 21:08:46.774 19015 INFO migrate.versioning.api [-] 3 -> 4... 
2015-06-22 21:08:46.830 19015 INFO 004_volume_type_to_uuid [-] Created foreign key volume_type_extra_specs_ibfk_1
2015-06-22 21:08:46.835 19015 INFO migrate.versioning.api [-] done
2015-06-22 21:08:46.836 19015 INFO migrate.versioning.api [-] 4 -> 5... 
2015-06-22 21:08:46.856 19015 INFO migrate.versioning.api [-] done
2015-06-22 21:08:46.857 19015 INFO migrate.versioning.api [-] 5 -> 6... 
2015-06-22 21:08:46.876 19015 INFO migrate.versioning.api [-] done
2015-06-22 21:08:46.876 19015 INFO migrate.versioning.api [-] 6 -> 7... 
2015-06-22 21:08:46.907 19015 INFO migrate.versioning.api [-] done
2015-06-22 21:08:46.907 19015 INFO migrate.versioning.api [-] 7 -> 8... 
2015-06-22 21:08:46.921 19015 INFO migrate.versioning.api [-] done
2015-06-22 21:08:46.921 19015 INFO migrate.versioning.api [-] 8 -> 9... 
2015-06-22 21:08:46.941 19015 INFO migrate.versioning.api [-] done
2015-06-22 21:08:46.942 19015 INFO migrate.versioning.api [-] 9 -> 10... 
2015-06-22 21:08:46.967 19015 INFO migrate.versioning.api [-] done
2015-06-22 21:08:46.967 19015 INFO migrate.versioning.api [-] 10 -> 11... 
2015-06-22 21:08:46.999 19015 INFO migrate.versioning.api [-] done
2015-06-22 21:08:46.999 19015 INFO migrate.versioning.api [-] 11 -> 12... 
2015-06-22 21:08:47.020 19015 INFO migrate.versioning.api [-] done
2015-06-22 21:08:47.020 19015 INFO migrate.versioning.api [-] 12 -> 13... 
2015-06-22 21:08:47.041 19015 INFO migrate.versioning.api [-] done
2015-06-22 21:08:47.041 19015 INFO migrate.versioning.api [-] 13 -> 14... 
2015-06-22 21:08:47.072 19015 INFO migrate.versioning.api [-] done
2015-06-22 21:08:47.073 19015 INFO migrate.versioning.api [-] 14 -> 15... 
2015-06-22 21:08:47.086 19015 INFO migrate.versioning.api [-] done
2015-06-22 21:08:47.086 19015 INFO migrate.versioning.api [-] 15 -> 16... 
2015-06-22 21:08:47.115 19015 INFO migrate.versioning.api [-] done
2015-06-22 21:08:47.115 19015 INFO migrate.versioning.api [-] 16 -> 17... 
2015-06-22 21:08:47.164 19015 INFO migrate.versioning.api [-] done
2015-06-22 21:08:47.165 19015 INFO migrate.versioning.api [-] 17 -> 18... 
2015-06-22 21:08:47.193 19015 INFO migrate.versioning.api [-] done
2015-06-22 21:08:47.194 19015 INFO migrate.versioning.api [-] 18 -> 19... 
2015-06-22 21:08:47.213 19015 INFO migrate.versioning.api [-] done
2015-06-22 21:08:47.213 19015 INFO migrate.versioning.api [-] 19 -> 20... 
2015-06-22 21:08:47.239 19015 INFO migrate.versioning.api [-] done
2015-06-22 21:08:47.239 19015 INFO migrate.versioning.api [-] 20 -> 21... 
2015-06-22 21:08:47.257 19015 INFO 021_add_default_quota_class [-] Added default quota class data into the DB.
2015-06-22 21:08:47.262 19015 INFO migrate.versioning.api [-] done
2015-06-22 21:08:47.263 19015 INFO migrate.versioning.api [-] 21 -> 22... 
2015-06-22 21:08:47.279 19015 INFO migrate.versioning.api [-] done
2015-06-22 21:08:47.280 19015 INFO migrate.versioning.api [-] 22 -> 23... 
2015-06-22 21:08:47.311 19015 INFO migrate.versioning.api [-] done
2015-06-22 21:08:47.311 19015 INFO migrate.versioning.api [-] 23 -> 24... 
2015-06-22 21:08:47.345 19015 INFO migrate.versioning.api [-] done
2015-06-22 21:08:47.345 19015 INFO migrate.versioning.api [-] 24 -> 25... 
2015-06-22 21:08:47.420 19015 INFO migrate.versioning.api [-] done
2015-06-22 21:08:47.421 19015 INFO migrate.versioning.api [-] 25 -> 26... 
2015-06-22 21:08:47.431 19015 INFO 026_add_consistencygroup_quota_class [-] Added default consistencygroups quota class data into the DB.
2015-06-22 21:08:47.437 19015 INFO migrate.versioning.api [-] done
2015-06-22 21:08:47.437 19015 INFO migrate.versioning.api [-] 26 -> 27... 
2015-06-22 21:08:47.444 19015 INFO migrate.versioning.api [-] done
2015-06-22 21:08:47.444 19015 INFO migrate.versioning.api [-] 27 -> 28... 
2015-06-22 21:08:47.451 19015 INFO migrate.versioning.api [-] done
2015-06-22 21:08:47.451 19015 INFO migrate.versioning.api [-] 28 -> 29... 
2015-06-22 21:08:47.457 19015 INFO migrate.versioning.api [-] done
2015-06-22 21:08:47.458 19015 INFO migrate.versioning.api [-] 29 -> 30... 
2015-06-22 21:08:47.464 19015 INFO migrate.versioning.api [-] done
2015-06-22 21:08:47.464 19015 INFO migrate.versioning.api [-] 30 -> 31... 
2015-06-22 21:08:47.470 19015 INFO migrate.versioning.api [-] done
2015-06-22 21:08:47.471 19015 INFO migrate.versioning.api [-] 31 -> 32... 
2015-06-22 21:08:47.504 19015 INFO migrate.versioning.api [-] done
2015-06-22 21:08:47.505 19015 INFO migrate.versioning.api [-] 32 -> 33... 
2015-06-22 21:08:47.559 19015 INFO migrate.versioning.api [-] done
2015-06-22 21:08:47.560 19015 INFO migrate.versioning.api [-] 33 -> 34... 
2015-06-22 21:08:47.582 19015 INFO migrate.versioning.api [-] done
2015-06-22 21:08:47.583 19015 INFO migrate.versioning.api [-] 34 -> 35... 
2015-06-22 21:08:47.608 19015 INFO migrate.versioning.api [-] done
2015-06-22 21:08:47.608 19015 INFO migrate.versioning.api [-] 35 -> 36... 
2015-06-22 21:08:47.641 19015 INFO migrate.versioning.api [-] done
2015-06-22 21:08:47.641 19015 INFO migrate.versioning.api [-] 36 -> 37... 
2015-06-22 21:08:47.659 19015 INFO migrate.versioning.api [-] done
2015-06-22 21:08:47.659 19015 INFO migrate.versioning.api [-] 37 -> 38... 
2015-06-22 21:08:47.693 19015 INFO migrate.versioning.api [-] done
2015-06-22 21:08:47.694 19015 INFO migrate.versioning.api [-] 38 -> 39... 
2015-06-22 21:08:47.714 19015 INFO migrate.versioning.api [-] done
2015-06-22 21:08:47.714 19015 INFO migrate.versioning.api [-] 39 -> 40... 
2015-06-22 21:08:47.788 19015 INFO migrate.versioning.api [-] done
2015-06-22 21:08:47.788 19015 INFO migrate.versioning.api [-] 40 -> 41... 
2015-06-22 21:08:47.804 19015 INFO migrate.versioning.api [-] done
