2015-06-22 21:10:08.117 20510 WARNING oslo_config.cfg [-] Option "sql_connection" from group "DEFAULT" is deprecated. Use option "connection" from group "database".
2015-06-22 21:10:08.203 20510 INFO migrate.versioning.api [-] 215 -> 216... 
2015-06-22 21:10:11.857 20510 INFO migrate.versioning.api [-] done
2015-06-22 21:10:11.858 20510 INFO migrate.versioning.api [-] 216 -> 217... 
2015-06-22 21:10:11.865 20510 INFO migrate.versioning.api [-] done
2015-06-22 21:10:11.865 20510 INFO migrate.versioning.api [-] 217 -> 218... 
2015-06-22 21:10:11.872 20510 INFO migrate.versioning.api [-] done
2015-06-22 21:10:11.872 20510 INFO migrate.versioning.api [-] 218 -> 219... 
2015-06-22 21:10:11.878 20510 INFO migrate.versioning.api [-] done
2015-06-22 21:10:11.879 20510 INFO migrate.versioning.api [-] 219 -> 220... 
2015-06-22 21:10:11.885 20510 INFO migrate.versioning.api [-] done
2015-06-22 21:10:11.885 20510 INFO migrate.versioning.api [-] 220 -> 221... 
2015-06-22 21:10:11.891 20510 INFO migrate.versioning.api [-] done
2015-06-22 21:10:11.891 20510 INFO migrate.versioning.api [-] 221 -> 222... 
2015-06-22 21:10:11.898 20510 INFO migrate.versioning.api [-] done
2015-06-22 21:10:11.898 20510 INFO migrate.versioning.api [-] 222 -> 223... 
2015-06-22 21:10:11.904 20510 INFO migrate.versioning.api [-] done
2015-06-22 21:10:11.904 20510 INFO migrate.versioning.api [-] 223 -> 224... 
2015-06-22 21:10:11.911 20510 INFO migrate.versioning.api [-] done
2015-06-22 21:10:11.911 20510 INFO migrate.versioning.api [-] 224 -> 225... 
2015-06-22 21:10:11.918 20510 INFO migrate.versioning.api [-] done
2015-06-22 21:10:11.918 20510 INFO migrate.versioning.api [-] 225 -> 226... 
2015-06-22 21:10:11.925 20510 INFO migrate.versioning.api [-] done
2015-06-22 21:10:11.925 20510 INFO migrate.versioning.api [-] 226 -> 227... 
2015-06-22 21:10:11.935 20510 INFO migrate.versioning.api [-] done
2015-06-22 21:10:11.936 20510 INFO migrate.versioning.api [-] 227 -> 228... 
2015-06-22 21:10:11.969 20510 INFO migrate.versioning.api [-] done
2015-06-22 21:10:11.970 20510 INFO migrate.versioning.api [-] 228 -> 229... 
2015-06-22 21:10:12.004 20510 INFO migrate.versioning.api [-] done
2015-06-22 21:10:12.004 20510 INFO migrate.versioning.api [-] 229 -> 230... 
2015-06-22 21:10:12.057 20510 INFO migrate.versioning.api [-] done
2015-06-22 21:10:12.057 20510 INFO migrate.versioning.api [-] 230 -> 231... 
2015-06-22 21:10:12.101 20510 INFO migrate.versioning.api [-] done
2015-06-22 21:10:12.101 20510 INFO migrate.versioning.api [-] 231 -> 232... 
2015-06-22 21:10:12.446 20510 INFO migrate.versioning.api [-] done
2015-06-22 21:10:12.447 20510 INFO migrate.versioning.api [-] 232 -> 233... 
2015-06-22 21:10:12.503 20510 INFO migrate.versioning.api [-] done
2015-06-22 21:10:12.503 20510 INFO migrate.versioning.api [-] 233 -> 234... 
2015-06-22 21:10:12.537 20510 INFO migrate.versioning.api [-] done
2015-06-22 21:10:12.537 20510 INFO migrate.versioning.api [-] 234 -> 235... 
2015-06-22 21:10:12.544 20510 INFO migrate.versioning.api [-] done
2015-06-22 21:10:12.544 20510 INFO migrate.versioning.api [-] 235 -> 236... 
2015-06-22 21:10:12.550 20510 INFO migrate.versioning.api [-] done
2015-06-22 21:10:12.551 20510 INFO migrate.versioning.api [-] 236 -> 237... 
2015-06-22 21:10:12.557 20510 INFO migrate.versioning.api [-] done
2015-06-22 21:10:12.557 20510 INFO migrate.versioning.api [-] 237 -> 238... 
2015-06-22 21:10:12.564 20510 INFO migrate.versioning.api [-] done
2015-06-22 21:10:12.564 20510 INFO migrate.versioning.api [-] 238 -> 239... 
2015-06-22 21:10:12.570 20510 INFO migrate.versioning.api [-] done
2015-06-22 21:10:12.571 20510 INFO migrate.versioning.api [-] 239 -> 240... 
2015-06-22 21:10:12.577 20510 INFO migrate.versioning.api [-] done
2015-06-22 21:10:12.577 20510 INFO migrate.versioning.api [-] 240 -> 241... 
2015-06-22 21:10:12.583 20510 INFO migrate.versioning.api [-] done
2015-06-22 21:10:12.583 20510 INFO migrate.versioning.api [-] 241 -> 242... 
2015-06-22 21:10:12.589 20510 INFO migrate.versioning.api [-] done
2015-06-22 21:10:12.589 20510 INFO migrate.versioning.api [-] 242 -> 243... 
2015-06-22 21:10:12.595 20510 INFO migrate.versioning.api [-] done
2015-06-22 21:10:12.596 20510 INFO migrate.versioning.api [-] 243 -> 244... 
2015-06-22 21:10:12.615 20510 INFO migrate.versioning.api [-] done
2015-06-22 21:10:12.615 20510 INFO migrate.versioning.api [-] 244 -> 245... 
2015-06-22 21:10:12.743 20510 INFO migrate.versioning.api [-] done
2015-06-22 21:10:12.743 20510 INFO migrate.versioning.api [-] 245 -> 246... 
2015-06-22 21:10:12.772 20510 INFO migrate.versioning.api [-] done
2015-06-22 21:10:12.772 20510 INFO migrate.versioning.api [-] 246 -> 247... 
2015-06-22 21:10:12.833 20510 INFO migrate.versioning.api [-] done
2015-06-22 21:10:12.833 20510 INFO migrate.versioning.api [-] 247 -> 248... 
2015-06-22 21:10:12.844 20510 INFO 248_add_expire_reservations_index [-] Skipped adding reservations_deleted_expire_idx because an equivalent index already exists.
2015-06-22 21:10:12.850 20510 INFO migrate.versioning.api [-] done
2015-06-22 21:10:12.850 20510 INFO migrate.versioning.api [-] 248 -> 249... 
2015-06-22 21:10:12.880 20510 INFO migrate.versioning.api [-] done
2015-06-22 21:10:12.880 20510 INFO migrate.versioning.api [-] 249 -> 250... 
2015-06-22 21:10:12.906 20510 INFO migrate.versioning.api [-] done
2015-06-22 21:10:12.906 20510 INFO migrate.versioning.api [-] 250 -> 251... 
2015-06-22 21:10:12.940 20510 INFO migrate.versioning.api [-] done
2015-06-22 21:10:12.940 20510 INFO migrate.versioning.api [-] 251 -> 252... 
2015-06-22 21:10:13.047 20510 INFO migrate.versioning.api [-] done
2015-06-22 21:10:13.047 20510 INFO migrate.versioning.api [-] 252 -> 253... 
2015-06-22 21:10:13.083 20510 INFO migrate.versioning.api [-] done
2015-06-22 21:10:13.084 20510 INFO migrate.versioning.api [-] 253 -> 254... 
2015-06-22 21:10:13.122 20510 INFO migrate.versioning.api [-] done
2015-06-22 21:10:13.122 20510 INFO migrate.versioning.api [-] 254 -> 255... 
2015-06-22 21:10:13.129 20510 INFO migrate.versioning.api [-] done
2015-06-22 21:10:13.129 20510 INFO migrate.versioning.api [-] 255 -> 256... 
2015-06-22 21:10:13.136 20510 INFO migrate.versioning.api [-] done
2015-06-22 21:10:13.136 20510 INFO migrate.versioning.api [-] 256 -> 257... 
2015-06-22 21:10:13.142 20510 INFO migrate.versioning.api [-] done
2015-06-22 21:10:13.143 20510 INFO migrate.versioning.api [-] 257 -> 258... 
2015-06-22 21:10:13.149 20510 INFO migrate.versioning.api [-] done
2015-06-22 21:10:13.150 20510 INFO migrate.versioning.api [-] 258 -> 259... 
2015-06-22 21:10:13.156 20510 INFO migrate.versioning.api [-] done
2015-06-22 21:10:13.156 20510 INFO migrate.versioning.api [-] 259 -> 260... 
2015-06-22 21:10:13.162 20510 INFO migrate.versioning.api [-] done
2015-06-22 21:10:13.162 20510 INFO migrate.versioning.api [-] 260 -> 261... 
2015-06-22 21:10:13.168 20510 INFO migrate.versioning.api [-] done
2015-06-22 21:10:13.168 20510 INFO migrate.versioning.api [-] 261 -> 262... 
2015-06-22 21:10:13.174 20510 INFO migrate.versioning.api [-] done
2015-06-22 21:10:13.175 20510 INFO migrate.versioning.api [-] 262 -> 263... 
2015-06-22 21:10:13.181 20510 INFO migrate.versioning.api [-] done
2015-06-22 21:10:13.181 20510 INFO migrate.versioning.api [-] 263 -> 264... 
2015-06-22 21:10:13.187 20510 INFO migrate.versioning.api [-] done
2015-06-22 21:10:13.188 20510 INFO migrate.versioning.api [-] 264 -> 265... 
2015-06-22 21:10:13.224 20510 INFO migrate.versioning.api [-] done
2015-06-22 21:10:13.224 20510 INFO migrate.versioning.api [-] 265 -> 266... 
2015-06-22 21:10:13.277 20510 INFO migrate.versioning.api [-] done
2015-06-22 21:10:13.277 20510 INFO migrate.versioning.api [-] 266 -> 267... 
2015-06-22 21:10:13.693 20510 INFO migrate.versioning.api [-] done
2015-06-22 21:10:13.693 20510 INFO migrate.versioning.api [-] 267 -> 268... 
2015-06-22 21:10:13.751 20510 INFO migrate.versioning.api [-] done
2015-06-22 21:10:13.751 20510 INFO migrate.versioning.api [-] 268 -> 269... 
2015-06-22 21:10:13.790 20510 INFO migrate.versioning.api [-] done
2015-06-22 21:10:13.790 20510 INFO migrate.versioning.api [-] 269 -> 270... 
2015-06-22 21:10:13.825 20510 INFO migrate.versioning.api [-] done
2015-06-22 21:10:13.825 20510 INFO migrate.versioning.api [-] 270 -> 271... 
2015-06-22 21:10:13.947 20510 INFO migrate.versioning.api [-] done
2015-06-22 21:10:13.948 20510 INFO migrate.versioning.api [-] 271 -> 272... 
2015-06-22 21:10:13.954 20510 INFO migrate.versioning.api [-] done
2015-06-22 21:10:13.955 20510 INFO migrate.versioning.api [-] 272 -> 273... 
2015-06-22 21:10:13.961 20510 INFO migrate.versioning.api [-] done
2015-06-22 21:10:13.961 20510 INFO migrate.versioning.api [-] 273 -> 274... 
2015-06-22 21:10:14.004 20510 INFO migrate.versioning.api [-] done
2015-06-22 21:10:14.004 20510 INFO migrate.versioning.api [-] 274 -> 275... 
2015-06-22 21:10:14.043 20510 INFO migrate.versioning.api [-] done
2015-06-22 21:10:14.043 20510 INFO migrate.versioning.api [-] 275 -> 276... 
2015-06-22 21:10:14.102 20510 INFO migrate.versioning.api [-] done
2015-06-22 21:10:14.102 20510 INFO migrate.versioning.api [-] 276 -> 277... 
2015-06-22 21:10:14.155 20510 INFO migrate.versioning.api [-] done
2015-06-22 21:10:14.155 20510 INFO migrate.versioning.api [-] 277 -> 278... 
2015-06-22 21:10:14.299 20510 INFO migrate.versioning.api [-] done
2015-06-22 21:10:14.301 20510 INFO migrate.versioning.api [-] 278 -> 279... 
2015-06-22 21:10:14.337 20510 INFO migrate.versioning.api [-] done
2015-06-22 21:10:14.338 20510 INFO migrate.versioning.api [-] 279 -> 280... 
2015-06-22 21:10:14.396 20510 INFO migrate.versioning.api [-] done
2015-09-30 21:50:44.505 7964 WARNING oslo_config.cfg [req-653c72f0-6c20-4a37-9906-9f165f752626 - - - - -] Option "sql_connection" from group "DEFAULT" is deprecated. Use option "connection" from group "database".
2015-09-30 21:50:52.247 7978 WARNING oslo_config.cfg [req-a8fc03ef-5443-4fe4-b94e-fa30d7d8c072 - - - - -] Option "sql_connection" from group "DEFAULT" is deprecated. Use option "connection" from group "database".
2015-09-30 21:51:05.875 8017 WARNING oslo_config.cfg [req-c3452302-4917-4b94-a401-aa040199e25d - - - - -] Option "sql_connection" from group "DEFAULT" is deprecated. Use option "connection" from group "database".
2015-09-30 21:52:24.398 8125 WARNING oslo_config.cfg [req-ea0f2caa-c690-4dc5-906d-d08ffac31e19 - - - - -] Option "sql_connection" from group "DEFAULT" is deprecated. Use option "connection" from group "database".
2015-09-30 22:04:25.721 2898 WARNING oslo_config.cfg [req-26556a82-5e62-425e-a6d6-51e6e57c77b6 - - - - -] Option "sql_connection" from group "DEFAULT" is deprecated. Use option "connection" from group "database".
2015-09-30 22:04:36.766 2915 WARNING oslo_config.cfg [req-8333d1c2-a60a-4cb6-8459-f407f9eee578 - - - - -] Option "sql_connection" from group "DEFAULT" is deprecated. Use option "connection" from group "database".
2015-10-04 20:16:08.169 23914 WARNING oslo_config.cfg [req-3423a6b2-7c93-49fb-bc62-ad24181419c5 - - - - -] Option "sql_connection" from group "DEFAULT" is deprecated. Use option "connection" from group "database".
2015-10-04 20:17:17.916 24044 WARNING oslo_config.cfg [req-a1188c51-9760-494f-a94c-6ea5d661f94c - - - - -] Option "sql_connection" from group "DEFAULT" is deprecated. Use option "connection" from group "database".
2015-10-04 20:18:31.669 24171 WARNING oslo_config.cfg [req-8455e94f-b61c-433f-8866-f338341edd23 - - - - -] Option "sql_connection" from group "DEFAULT" is deprecated. Use option "connection" from group "database".
2015-10-04 20:18:38.738 24185 WARNING oslo_config.cfg [req-c33194e1-4f63-46ac-a36f-35eb30a5f72f - - - - -] Option "sql_connection" from group "DEFAULT" is deprecated. Use option "connection" from group "database".
2015-10-04 20:20:07.234 24353 WARNING oslo_config.cfg [req-5ee3b61d-5681-4d83-929d-48f89b19f1f7 - - - - -] Option "sql_connection" from group "DEFAULT" is deprecated. Use option "connection" from group "database".
2015-10-04 20:20:52.514 24402 WARNING oslo_config.cfg [req-7f1794a8-6c0f-49ab-b750-8e8508ae73eb - - - - -] Option "sql_connection" from group "DEFAULT" is deprecated. Use option "connection" from group "database".
2015-10-04 20:20:58.350 24432 WARNING oslo_config.cfg [req-441c5f91-99ef-476c-a3ba-3cd2ce568afb - - - - -] Option "sql_connection" from group "DEFAULT" is deprecated. Use option "connection" from group "database".
2015-10-04 20:22:18.839 24568 WARNING oslo_config.cfg [req-0be78b63-e6c3-4cc8-bc90-53353efe5caa - - - - -] Option "sql_connection" from group "DEFAULT" is deprecated. Use option "connection" from group "database".
2015-10-04 20:23:57.735 24764 WARNING oslo_config.cfg [req-784efbe8-ea72-4313-a5b0-68d6b3aa113a - - - - -] Option "sql_connection" from group "DEFAULT" is deprecated. Use option "connection" from group "database".
2015-10-04 20:41:47.696 26222 WARNING oslo_config.cfg [req-5d459115-897a-4787-820c-d1892738083b - - - - -] Option "sql_connection" from group "DEFAULT" is deprecated. Use option "connection" from group "database".
2016-02-22 20:55:28.574 30269 WARNING oslo_config.cfg [req-5a6d6666-a620-4fd1-a3c6-013c44f42eed - - - - -] Option "sql_connection" from group "DEFAULT" is deprecated. Use option "connection" from group "database".
